Determining if the pthread_create exist failed with the following output:
Change Dir: /home/karma/repoROS/build/catkin_tools_prebuild/CMakeFiles/CMakeTmp

Run Build Command:"/usr/bin/make" "cmTC_92da1/fast"
/usr/bin/make -f CMakeFiles/cmTC_92da1.dir/build.make CMakeFiles/cmTC_92da1.dir/build
make[1]: se entra en el directorio '/home/karma/repoROS/build/catkin_tools_prebuild/CMakeFiles/CMakeTmp'
Building C object CMakeFiles/cmTC_92da1.dir/CheckSymbolExists.c.o
/usr/bin/cc    -o CMakeFiles/cmTC_92da1.dir/CheckSymbolExists.c.o   -c /home/karma/repoROS/build/catkin_tools_prebuild/CMakeFiles/CMakeTmp/CheckSymbolExists.c
Linking C executable cmTC_92da1
/usr/bin/cmake -E cmake_link_script CMakeFiles/cmTC_92da1.dir/link.txt --verbose=1
/usr/bin/cc      -rdynamic CMakeFiles/cmTC_92da1.dir/CheckSymbolExists.c.o  -o cmTC_92da1 
CMakeFiles/cmTC_92da1.dir/CheckSymbolExists.c.o: En la función `main':
CheckSymbolExists.c:(.text+0x1b): referencia a `pthread_create' sin definir
collect2: error: ld returned 1 exit status
CMakeFiles/cmTC_92da1.dir/build.make:97: fallo en las instrucciones para el objetivo 'cmTC_92da1'
make[1]: *** [cmTC_92da1] Error 1
make[1]: se sale del directorio '/home/karma/repoROS/build/catkin_tools_prebuild/CMakeFiles/CMakeTmp'
Makefile:126: fallo en las instrucciones para el objetivo 'cmTC_92da1/fast'
make: *** [cmTC_92da1/fast] Error 2

File /home/karma/repoROS/build/catkin_tools_prebuild/CMakeFiles/CMakeTmp/CheckSymbolExists.c:
/* */
#include <pthread.h>

int main(int argc, char** argv)
{
  (void)argv;
#ifndef pthread_create
  return ((int*)(&pthread_create))[argc];
#else
  (void)argc;
  return 0;
#endif
}

Determining if the function pthread_create exists in the pthreads failed with the following output:
Change Dir: /home/karma/repoROS/build/catkin_tools_prebuild/CMakeFiles/CMakeTmp

Run Build Command:"/usr/bin/make" "cmTC_68824/fast"
/usr/bin/make -f CMakeFiles/cmTC_68824.dir/build.make CMakeFiles/cmTC_68824.dir/build
make[1]: se entra en el directorio '/home/karma/repoROS/build/catkin_tools_prebuild/CMakeFiles/CMakeTmp'
Building C object CMakeFiles/cmTC_68824.dir/CheckFunctionExists.c.o
/usr/bin/cc   -DCHECK_FUNCTION_EXISTS=pthread_create   -o CMakeFiles/cmTC_68824.dir/CheckFunctionExists.c.o   -c /usr/share/cmake-3.10/Modules/CheckFunctionExists.c
Linking C executable cmTC_68824
/usr/bin/cmake -E cmake_link_script CMakeFiles/cmTC_68824.dir/link.txt --verbose=1
/usr/bin/cc  -DCHECK_FUNCTION_EXISTS=pthread_create    -rdynamic CMakeFiles/cmTC_68824.dir/CheckFunctionExists.c.o  -o cmTC_68824 -lpthreads 
/usr/bin/ld: no se puede encontrar -lpthreads
collect2: error: ld returned 1 exit status
CMakeFiles/cmTC_68824.dir/build.make:97: fallo en las instrucciones para el objetivo 'cmTC_68824'
make[1]: *** [cmTC_68824] Error 1
make[1]: se sale del directorio '/home/karma/repoROS/build/catkin_tools_prebuild/CMakeFiles/CMakeTmp'
Makefile:126: fallo en las instrucciones para el objetivo 'cmTC_68824/fast'
make: *** [cmTC_68824/fast] Error 2


